<?xml version="1.0" encoding="UTF-8"?>
<!-- Generated by org.testng.reporters.JUnitReportReporter -->
<testsuite hostname="DESKTOP-Q8ML3C4" name="com.StepDefination.Tc_001" tests="1" failures="0" timestamp="16 Nov 2021 08:41:28 GMT" time="1.966" errors="0">
  <testcase name="loginTest" time="1.966" classname="com.StepDefination.Tc_001"/>
</testsuite> <!-- com.StepDefination.Tc_001 -->
